INFO:root:main
INFO:root:Reading transaction data from '2012.xml'
INFO:root:Importing '2012.xml'
INFO:root:Row 2
INFO:root:Row 3
INFO:root:Row 4
INFO:root:Row 5
INFO:root:Row 6
INFO:root:Row 7
INFO:root:Row 8
INFO:root:Row 9
INFO:root:Row 10
INFO:root:Row 11
INFO:root:Row 12
INFO:root:Row 13
INFO:root:Row 14
INFO:root:Row 15
INFO:root:Row 16
INFO:root:Row 17
INFO:root:Row 18
INFO:root:Row 19
INFO:root:Row 20
INFO:root:Row 21
INFO:root:Row 22
INFO:root:Row 23
INFO:root:Row 24
INFO:root:Row 25
INFO:root:Row 26
INFO:root:Row 27
INFO:root:Row 28
INFO:root:Row 29
INFO:root:Row 30
INFO:root:Row 31
INFO:root:Row 32
INFO:root:Row 33
INFO:root:Row 34
INFO:root:Row 35
INFO:root:Row 36
INFO:root:Row 37
INFO:root:Row 38
INFO:root:Row 39
INFO:root:Row 40
INFO:root:Row 41
INFO:root:Row 42
INFO:root:Row 43
INFO:root:Row 44
INFO:root:Row 45
INFO:root:Row 46
INFO:root:Row 47
INFO:root:Row 48
INFO:root:Row 49
INFO:root:Row 50
INFO:root:Row 51
INFO:root:Row 52
INFO:root:Row 53
INFO:root:Row 54
INFO:root:Row 55
INFO:root:Row 56
INFO:root:Row 57
INFO:root:Row 58
INFO:root:Row 59
INFO:root:Row 60
INFO:root:Row 61
INFO:root:Row 62
INFO:root:Row 63
INFO:root:Row 64
INFO:root:Row 65
INFO:root:Row 66
INFO:root:Row 67
INFO:root:Row 68
INFO:root:Row 69
INFO:root:Row 70
INFO:root:Row 71
INFO:root:Row 72
INFO:root:Row 73
INFO:root:Row 74
INFO:root:Row 75
INFO:root:Row 76
INFO:root:Row 77
INFO:root:Row 78
INFO:root:Row 79
INFO:root:Row 80
INFO:root:Row 81
INFO:root:Row 82
INFO:root:Row 83
INFO:root:Row 84
INFO:root:Row 85
INFO:root:Row 86
INFO:root:Row 87
INFO:root:Row 88
INFO:root:Row 89
INFO:root:Row 90
INFO:root:Row 91
INFO:root:Row 92
INFO:root:Row 93
INFO:root:Row 94
INFO:root:Row 95
INFO:root:Row 96
INFO:root:Row 97
INFO:root:Row 98
INFO:root:Row 99
INFO:root:Row 100
INFO:root:Row 101
INFO:root:Row 102
INFO:root:Row 103
INFO:root:Row 104
INFO:root:Row 105
INFO:root:Row 106
INFO:root:Row 107
INFO:root:Row 108
INFO:root:Row 109
INFO:root:Row 110
INFO:root:Row 111
INFO:root:Row 112
INFO:root:Row 113
INFO:root:Row 114
INFO:root:Row 115
INFO:root:Row 116
INFO:root:Row 117
INFO:root:Row 118
INFO:root:Row 119
INFO:root:Row 120
INFO:root:Row 121
INFO:root:Row 122
INFO:root:Row 123
INFO:root:Row 124
INFO:root:Row 125
INFO:root:Row 126
INFO:root:Row 127
INFO:root:Row 128
INFO:root:Row 129
INFO:root:Row 130
INFO:root:Row 131
INFO:root:Row 132
INFO:root:Row 133
INFO:root:Row 134
INFO:root:Row 135
INFO:root:Row 136
INFO:root:Row 137
INFO:root:Row 138
INFO:root:Row 139
INFO:root:Row 140
INFO:root:Row 141
INFO:root:Row 142
INFO:root:Row 143
INFO:root:Row 144
INFO:root:Row 145
INFO:root:Row 146
INFO:root:Row 147
INFO:root:Row 148
INFO:root:Row 149
INFO:root:Row 150
INFO:root:Imported 149 of 149 rows
INFO:root:Reading transaction data from '2013.json'
INFO:root:Importing '2013.json'
INFO:root:Row 2
INFO:root:Row 3
INFO:root:Row 4
INFO:root:Row 5
INFO:root:Row 6
INFO:root:Row 7
INFO:root:Row 8
INFO:root:Row 9
INFO:root:Row 10
INFO:root:Row 11
INFO:root:Row 12
INFO:root:Row 13
INFO:root:Row 14
INFO:root:Row 15
INFO:root:Row 16
INFO:root:Row 17
INFO:root:Row 18
INFO:root:Row 19
INFO:root:Row 20
INFO:root:Row 21
INFO:root:Row 22
INFO:root:Row 23
INFO:root:Row 24
INFO:root:Row 25
INFO:root:Row 26
INFO:root:Row 27
INFO:root:Row 28
INFO:root:Row 29
INFO:root:Row 30
INFO:root:Row 31
INFO:root:Row 32
INFO:root:Row 33
INFO:root:Row 34
INFO:root:Row 35
INFO:root:Row 36
INFO:root:Row 37
INFO:root:Row 38
INFO:root:Row 39
INFO:root:Row 40
INFO:root:Row 41
INFO:root:Row 42
INFO:root:Row 43
INFO:root:Row 44
INFO:root:Row 45
INFO:root:Row 46
INFO:root:Row 47
INFO:root:Row 48
INFO:root:Row 49
INFO:root:Row 50
INFO:root:Row 51
INFO:root:Row 52
INFO:root:Row 53
INFO:root:Row 54
INFO:root:Row 55
INFO:root:Row 56
INFO:root:Row 57
INFO:root:Row 58
INFO:root:Row 59
INFO:root:Row 60
INFO:root:Row 61
INFO:root:Row 62
INFO:root:Row 63
INFO:root:Row 64
INFO:root:Row 65
INFO:root:Row 66
INFO:root:Row 67
INFO:root:Row 68
INFO:root:Row 69
INFO:root:Row 70
INFO:root:Row 71
INFO:root:Row 72
INFO:root:Row 73
INFO:root:Row 74
INFO:root:Row 75
INFO:root:Row 76
INFO:root:Row 77
INFO:root:Row 78
INFO:root:Row 79
INFO:root:Row 80
INFO:root:Row 81
INFO:root:Row 82
INFO:root:Row 83
INFO:root:Row 84
INFO:root:Row 85
INFO:root:Row 86
INFO:root:Row 87
INFO:root:Row 88
INFO:root:Row 89
INFO:root:Row 90
INFO:root:Row 91
INFO:root:Row 92
INFO:root:Row 93
INFO:root:Row 94
INFO:root:Row 95
INFO:root:Row 96
INFO:root:Row 97
INFO:root:Row 98
INFO:root:Row 99
INFO:root:Row 100
INFO:root:Row 101
INFO:root:Row 102
INFO:root:Row 103
INFO:root:Row 104
INFO:root:Row 105
INFO:root:Row 106
INFO:root:Row 107
INFO:root:Row 108
INFO:root:Row 109
INFO:root:Row 110
INFO:root:Row 111
INFO:root:Row 112
INFO:root:Row 113
INFO:root:Row 114
INFO:root:Row 115
INFO:root:Row 116
INFO:root:Row 117
INFO:root:Row 118
INFO:root:Row 119
INFO:root:Row 120
INFO:root:Row 121
INFO:root:Row 122
INFO:root:Row 123
INFO:root:Row 124
INFO:root:Row 125
INFO:root:Row 126
INFO:root:Row 127
INFO:root:Row 128
INFO:root:Row 129
INFO:root:Row 130
INFO:root:Row 131
INFO:root:Row 132
INFO:root:Row 133
INFO:root:Row 134
INFO:root:Row 135
INFO:root:Row 136
INFO:root:Row 137
INFO:root:Row 138
INFO:root:Row 139
INFO:root:Row 140
INFO:root:Row 141
INFO:root:Row 142
INFO:root:Row 143
INFO:root:Row 144
INFO:root:Row 145
INFO:root:Row 146
INFO:root:Imported 145 of 145 rows
INFO:root:Reading transaction data from '2014.csv'
INFO:root:Importing '2014.csv'
INFO:root:Row 2
INFO:root:Row 3
INFO:root:Row 4
INFO:root:Row 5
INFO:root:Row 6
INFO:root:Row 7
INFO:root:Row 8
INFO:root:Row 9
INFO:root:Row 10
INFO:root:Row 11
INFO:root:Row 12
INFO:root:Row 13
INFO:root:Row 14
INFO:root:Row 15
INFO:root:Row 16
INFO:root:Row 17
INFO:root:Row 18
INFO:root:Row 19
INFO:root:Row 20
INFO:root:Row 21
INFO:root:Row 22
INFO:root:Row 23
INFO:root:Row 24
INFO:root:Row 25
INFO:root:Row 26
INFO:root:Row 27
INFO:root:Row 28
INFO:root:Row 29
INFO:root:Row 30
INFO:root:Row 31
INFO:root:Row 32
INFO:root:Row 33
INFO:root:Row 34
INFO:root:Row 35
INFO:root:Row 36
INFO:root:Row 37
INFO:root:Row 38
INFO:root:Row 39
INFO:root:Row 40
INFO:root:Row 41
INFO:root:Row 42
INFO:root:Row 43
INFO:root:Row 44
INFO:root:Row 45
INFO:root:Row 46
INFO:root:Row 47
INFO:root:Row 48
INFO:root:Row 49
INFO:root:Row 50
INFO:root:Row 51
INFO:root:Row 52
INFO:root:Row 53
INFO:root:Row 54
INFO:root:Row 55
INFO:root:Row 56
INFO:root:Row 57
INFO:root:Row 58
INFO:root:Row 59
INFO:root:Row 60
INFO:root:Row 61
INFO:root:Row 62
INFO:root:Row 63
INFO:root:Row 64
INFO:root:Row 65
INFO:root:Row 66
INFO:root:Row 67
INFO:root:Row 68
INFO:root:Row 69
INFO:root:Row 70
INFO:root:Row 71
INFO:root:Row 72
INFO:root:Row 73
INFO:root:Row 74
INFO:root:Row 75
INFO:root:Row 76
INFO:root:Row 77
INFO:root:Row 78
INFO:root:Row 79
INFO:root:Row 80
INFO:root:Row 81
INFO:root:Row 82
INFO:root:Row 83
INFO:root:Row 84
INFO:root:Row 85
INFO:root:Row 86
INFO:root:Row 87
INFO:root:Row 88
INFO:root:Row 89
INFO:root:Row 90
INFO:root:Row 91
INFO:root:Row 92
INFO:root:Row 93
INFO:root:Row 94
INFO:root:Row 95
INFO:root:Row 96
INFO:root:Row 97
INFO:root:Row 98
INFO:root:Row 99
INFO:root:Row 100
INFO:root:Row 101
INFO:root:Row 102
INFO:root:Row 103
INFO:root:Row 104
INFO:root:Row 105
INFO:root:Row 106
INFO:root:Row 107
INFO:root:Row 108
INFO:root:Row 109
INFO:root:Row 110
INFO:root:Row 111
INFO:root:Row 112
INFO:root:Row 113
INFO:root:Row 114
INFO:root:Row 115
INFO:root:Row 116
INFO:root:Row 117
INFO:root:Row 118
INFO:root:Row 119
INFO:root:Row 120
INFO:root:Row 121
INFO:root:Row 122
INFO:root:Row 123
INFO:root:Row 124
INFO:root:Row 125
INFO:root:Row 126
INFO:root:Row 127
INFO:root:Row 128
INFO:root:Row 129
INFO:root:Row 130
INFO:root:Row 131
INFO:root:Row 132
INFO:root:Row 133
INFO:root:Row 134
INFO:root:Row 135
INFO:root:Row 136
INFO:root:Row 137
INFO:root:Row 138
INFO:root:Row 139
INFO:root:Row 140
INFO:root:Row 141
INFO:root:Row 142
INFO:root:Row 143
INFO:root:Row 144
INFO:root:Row 145
INFO:root:Row 146
INFO:root:Row 147
INFO:root:Row 148
INFO:root:Row 149
INFO:root:Imported 148 of 148 rows
INFO:root:Reading transaction data from '2015.csv'
INFO:root:Importing '2015.csv'
INFO:root:Row 2
INFO:root:Row 3
INFO:root:Row 4
INFO:root:Row 5
INFO:root:Row 6
INFO:root:Row 7
INFO:root:Row 8
INFO:root:Row 9
INFO:root:Row 10
INFO:root:Row 11
INFO:root:Row 12
INFO:root:Row 13
INFO:root:Row 14
INFO:root:Row 15
INFO:root:Row 16
INFO:root:Row 17
INFO:root:Row 18
INFO:root:Row 19
INFO:root:Row 20
INFO:root:Row 21
INFO:root:Row 22
INFO:root:Row 23
INFO:root:Row 24
INFO:root:Row 25
INFO:root:Row 26
INFO:root:Row 27
INFO:root:Row 28
ERROR:root:Invalid amount 'One Cheeseburger' on row 28, skipping row...
INFO:root:Row 29
INFO:root:Row 30
INFO:root:Row 31
INFO:root:Row 32
INFO:root:Row 33
INFO:root:Row 34
INFO:root:Row 35
INFO:root:Row 36
INFO:root:Row 37
INFO:root:Row 38
INFO:root:Row 39
INFO:root:Row 40
INFO:root:Row 41
INFO:root:Row 42
INFO:root:Row 43
INFO:root:Row 44
INFO:root:Row 45
INFO:root:Row 46
INFO:root:Row 47
INFO:root:Row 48
INFO:root:Row 49
INFO:root:Row 50
INFO:root:Row 51
INFO:root:Row 52
ERROR:root:Invalid date 'Last Thursday' on row 52, skipping row...
INFO:root:Imported 49 of 51 rows
